<?xml version="1.0" encoding="UTF-8"?>
<testng-results ignored="0" total="1" passed="1" failed="0" skipped="0">
  <reporter-output>
  </reporter-output>
  <suite started-at="2024-10-09T17:47:59 IST" name="Surefire suite" finished-at="2024-10-09T17:47:59 IST" duration-ms="41">
    <groups>
    </groups>
    <test started-at="2024-10-09T17:47:59 IST" name="Surefire test" finished-at="2024-10-09T17:47:59 IST" duration-ms="41">
      <class name="project.AppTest">
        <test-method signature="shouldAnswerWithTrue()[pri:0, instance:project.AppTest@51549490]" started-at="2024-10-09T17:47:59 IST" name="shouldAnswerWithTrue" finished-at="2024-10-09T17:47:59 IST" duration-ms="6" status="PASS">
          <reporter-output>
          </reporter-output>
        </test-method> <!-- shouldAnswerWithTrue -->
      </class> <!-- project.AppTest -->
    </test> <!-- Surefire test -->
  </suite> <!-- Surefire suite -->
</testng-results>
