<?xml version="1.0" encoding="UTF-8"?>
<testng-results ignored="0" total="1" passed="1" failed="0" skipped="0">
  <reporter-output>
  </reporter-output>
  <suite started-at="2024-10-09T17:33:57 IST" name="Default suite" finished-at="2024-10-09T17:33:57 IST" duration-ms="83">
    <groups>
    </groups>
    <test started-at="2024-10-09T17:33:57 IST" name="Default test" finished-at="2024-10-09T17:33:57 IST" duration-ms="83">
      <class name="project.AppTest">
        <test-method signature="shouldAnswerWithTrue()[pri:0, instance:project.AppTest@1530c739]" started-at="2024-10-09T17:33:57 IST" name="shouldAnswerWithTrue" finished-at="2024-10-09T17:33:57 IST" duration-ms="17" status="PASS">
          <reporter-output>
          </reporter-output>
        </test-method> <!-- shouldAnswerWithTrue -->
      </class> <!-- project.AppTest -->
    </test> <!-- Default test -->
  </suite> <!-- Default suite -->
</testng-results>
