<?xml version="1.0" encoding="UTF-8"?>
<testng-results ignored="0" total="1" passed="1" failed="0" skipped="0">
  <reporter-output>
  </reporter-output>
  <suite started-at="2024-10-15T18:41:52 IST" name="Default suite" finished-at="2024-10-15T18:41:58 IST" duration-ms="5525">
    <groups>
    </groups>
    <test started-at="2024-10-15T18:41:52 IST" name="Default test" finished-at="2024-10-15T18:41:58 IST" duration-ms="5525">
      <class name="project.AppTest">
        <test-method signature="AssertionChecking()[pri:0, instance:project.AppTest@75cd8043]" started-at="2024-10-15T18:41:52 IST" name="AssertionChecking" finished-at="2024-10-15T18:41:58 IST" duration-ms="5477" status="PASS">
          <reporter-output>
          </reporter-output>
        </test-method> <!-- AssertionChecking -->
      </class> <!-- project.AppTest -->
    </test> <!-- Default test -->
  </suite> <!-- Default suite -->
</testng-results>
